<?xml version="1.0" encoding="UTF-8"?>
<testng-results ignored="0" total="1" passed="1" failed="0" skipped="0">
  <reporter-output>
  </reporter-output>
  <suite started-at="2025-01-06T09:55:55Z" name="Learning TestNG" finished-at="2025-01-06T09:56:25Z" duration-ms="29777">
    <groups>
    </groups>
    <test started-at="2025-01-06T09:55:55Z" name="Firefox Test" finished-at="2025-01-06T09:56:25Z" duration-ms="29777">
      <class name="testcases.TestParameterizationXML">
        <test-method signature="doLogin(java.lang.String, java.lang.String)[pri:0, instance:testcases.TestParameterizationXML@58670130]" started-at="2025-01-06T09:55:55Z" name="doLogin" finished-at="2025-01-06T09:56:25Z" duration-ms="29759" status="PASS">
          <params>
            <param index="0">
              <value>
                <![CDATA[https://www.google.com]]>
              </value>
            </param>
            <param index="1">
              <value>
                <![CDATA[firefox]]>
              </value>
            </param>
          </params>
          <reporter-output>
          </reporter-output>
        </test-method> <!-- doLogin -->
      </class> <!-- testcases.TestParameterizationXML -->
    </test> <!-- Firefox Test -->
  </suite> <!-- Learning TestNG -->
</testng-results>
